build/app/intermediates/manifest_merge_blame_file/release/processReleaseMainManifest/manifest-merger-blame-release-report.txt
1<?xml version="1.0" encoding="utf-8"?>
2<manifest xmlns:android="http://schemas.android.com/apk/res/android"
3    package="com.example.cash"
4    android:versionCode="1"
5    android:versionName="1.0.0" >
6
7    <uses-sdk
8        android:minSdkVersion="21"
9        android:targetSdkVersion="35" />
10
11    <uses-permission android:name="android.permission.INTERNET" />
11-->src\main\AndroidManifest.xml:2:5-67
11-->src\main\AndroidManifest.xml:2:22-64
12
13    <queries>
13-->src\main\AndroidManifest.xml:36:5-41:15
14        <intent>
14-->src\main\AndroidManifest.xml:37:9-40:18
15            <action android:name="android.intent.action.PROCESS_TEXT" />
15-->src\main\AndroidManifest.xml:38:13-72
15-->src\main\AndroidManifest.xml:38:21-70
16
17            <data android:mimeType="text/plain" />
17-->src\main\AndroidManifest.xml:39:13-50
17-->src\main\AndroidManifest.xml:39:19-48
18        </intent>
19    </queries>
20
21    <permission
21-->[androidx.core:core:1.13.1] AndroidManifest.xml:22:5-24:47
22        android:name="com.example.cash.DYNAMIC_RECEIVER_NOT_EXPORTED_PERMISSION"
22-->[androidx.core:core:1.13.1] AndroidManifest.xml:23:9-81
23        android:protectionLevel="signature" />
23-->[androidx.core:core:1.13.1] AndroidManifest.xml:24:9-44
24
25    <uses-permission android:name="com.example.cash.DYNAMIC_RECEIVER_NOT_EXPORTED_PERMISSION" /> <!-- هذا السطر يسمح باستخدام HTTP بدون HTTPS -->
25-->[androidx.core:core:1.13.1] AndroidManifest.xml:26:5-97
25-->[androidx.core:core:1.13.1] AndroidManifest.xml:26:22-94
26    <application
27        android:name="android.app.Application"
27-->src\main\AndroidManifest.xml:8:9-42
28        android:appComponentFactory="androidx.core.app.CoreComponentFactory"
28-->[androidx.core:core:1.13.1] AndroidManifest.xml:28:18-86
29        android:extractNativeLibs="true"
30        android:icon="@mipmap/ic_launcher"
30-->src\main\AndroidManifest.xml:7:9-43
31        android:label="cash"
31-->src\main\AndroidManifest.xml:6:9-29
32        android:usesCleartextTraffic="true" >
32-->src\main\AndroidManifest.xml:9:9-44
33        <activity
33-->src\main\AndroidManifest.xml:11:9-29:20
34            android:name="com.example.cash.MainActivity"
34-->src\main\AndroidManifest.xml:12:13-41
35            android:configChanges="orientation|keyboardHidden|keyboard|screenSize|smallestScreenSize|locale|layoutDirection|fontScale|screenLayout|density|uiMode"
35-->src\main\AndroidManifest.xml:17:13-163
36            android:exported="true"
36-->src\main\AndroidManifest.xml:13:13-36
37            android:hardwareAccelerated="true"
37-->src\main\AndroidManifest.xml:18:13-47
38            android:launchMode="singleTop"
38-->src\main\AndroidManifest.xml:14:13-43
39            android:taskAffinity=""
39-->src\main\AndroidManifest.xml:15:13-36
40            android:theme="@style/LaunchTheme"
40-->src\main\AndroidManifest.xml:16:13-47
41            android:windowSoftInputMode="adjustResize" >
41-->src\main\AndroidManifest.xml:19:13-55
42            <meta-data
42-->src\main\AndroidManifest.xml:21:13-23:57
43                android:name="io.flutter.embedding.android.NormalTheme"
43-->src\main\AndroidManifest.xml:22:17-72
44                android:resource="@style/NormalTheme" />
44-->src\main\AndroidManifest.xml:23:17-54
45
46            <intent-filter>
46-->src\main\AndroidManifest.xml:25:13-28:29
47                <action android:name="android.intent.action.MAIN" />
47-->src\main\AndroidManifest.xml:26:17-68
47-->src\main\AndroidManifest.xml:26:25-66
48
49                <category android:name="android.intent.category.LAUNCHER" />
49-->src\main\AndroidManifest.xml:27:17-76
49-->src\main\AndroidManifest.xml:27:27-74
50            </intent-filter>
51        </activity>
52
53        <meta-data
53-->src\main\AndroidManifest.xml:31:9-33:33
54            android:name="flutterEmbedding"
54-->src\main\AndroidManifest.xml:32:13-44
55            android:value="2" />
55-->src\main\AndroidManifest.xml:33:13-30
56
57        <provider
57-->[:image_picker_android] AndroidManifest.xml:9:9-17:20
58            android:name="io.flutter.plugins.imagepicker.ImagePickerFileProvider"
58-->[:image_picker_android] AndroidManifest.xml:10:13-82
59            android:authorities="com.example.cash.flutter.image_provider"
59-->[:image_picker_android] AndroidManifest.xml:11:13-74
60            android:exported="false"
60-->[:image_picker_android] AndroidManifest.xml:12:13-37
61            android:grantUriPermissions="true" >
61-->[:image_picker_android] AndroidManifest.xml:13:13-47
62            <meta-data
62-->[:image_picker_android] AndroidManifest.xml:14:13-16:75
63                android:name="android.support.FILE_PROVIDER_PATHS"
63-->[:image_picker_android] AndroidManifest.xml:15:17-67
64                android:resource="@xml/flutter_image_picker_file_paths" />
64-->[:image_picker_android] AndroidManifest.xml:16:17-72
65        </provider> <!-- Trigger Google Play services to install the backported photo picker module. -->
66        <service
66-->[:image_picker_android] AndroidManifest.xml:19:9-31:19
67            android:name="com.google.android.gms.metadata.ModuleDependencies"
67-->[:image_picker_android] AndroidManifest.xml:20:13-78
68            android:enabled="false"
68-->[:image_picker_android] AndroidManifest.xml:21:13-36
69            android:exported="false" >
69-->[:image_picker_android] AndroidManifest.xml:22:13-37
70            <intent-filter>
70-->[:image_picker_android] AndroidManifest.xml:24:13-26:29
71                <action android:name="com.google.android.gms.metadata.MODULE_DEPENDENCIES" />
71-->[:image_picker_android] AndroidManifest.xml:25:17-94
71-->[:image_picker_android] AndroidManifest.xml:25:25-91
72            </intent-filter>
73
74            <meta-data
74-->[:image_picker_android] AndroidManifest.xml:28:13-30:36
75                android:name="photopicker_activity:0:required"
75-->[:image_picker_android] AndroidManifest.xml:29:17-63
76                android:value="" />
76-->[:image_picker_android] AndroidManifest.xml:30:17-33
77        </service>
78
79        <uses-library
79-->[androidx.window:window:1.2.0] AndroidManifest.xml:23:9-25:40
80            android:name="androidx.window.extensions"
80-->[androidx.window:window:1.2.0] AndroidManifest.xml:24:13-54
81            android:required="false" />
81-->[androidx.window:window:1.2.0] AndroidManifest.xml:25:13-37
82        <uses-library
82-->[androidx.window:window:1.2.0] AndroidManifest.xml:26:9-28:40
83            android:name="androidx.window.sidecar"
83-->[androidx.window:window:1.2.0] AndroidManifest.xml:27:13-51
84            android:required="false" />
84-->[androidx.window:window:1.2.0] AndroidManifest.xml:28:13-37
85
86        <provider
86-->[androidx.lifecycle:lifecycle-process:2.7.0] AndroidManifest.xml:24:9-32:20
87            android:name="androidx.startup.InitializationProvider"
87-->[androidx.lifecycle:lifecycle-process:2.7.0] AndroidManifest.xml:25:13-67
88            android:authorities="com.example.cash.androidx-startup"
88-->[androidx.lifecycle:lifecycle-process:2.7.0] AndroidManifest.xml:26:13-68
89            android:exported="false" >
89-->[androidx.lifecycle:lifecycle-process:2.7.0] AndroidManifest.xml:27:13-37
90            <meta-data
90-->[androidx.lifecycle:lifecycle-process:2.7.0] AndroidManifest.xml:29:13-31:52
91                android:name="androidx.lifecycle.ProcessLifecycleInitializer"
91-->[androidx.lifecycle:lifecycle-process:2.7.0] AndroidManifest.xml:30:17-78
92                android:value="androidx.startup" />
92-->[androidx.lifecycle:lifecycle-process:2.7.0] AndroidManifest.xml:31:17-49
93            <meta-data
93-->[androidx.profileinstaller:profileinstaller:1.3.1] AndroidManifest.xml:29:13-31:52
94                android:name="androidx.profileinstaller.ProfileInstallerInitializer"
94-->[androidx.profileinstaller:profileinstaller:1.3.1] AndroidManifest.xml:30:17-85
95                android:value="androidx.startup" />
95-->[androidx.profileinstaller:profileinstaller:1.3.1] AndroidManifest.xml:31:17-49
96        </provider>
97
98        <receiver
98-->[androidx.profileinstaller:profileinstaller:1.3.1] AndroidManifest.xml:34:9-52:20
99            android:name="androidx.profileinstaller.ProfileInstallReceiver"
99-->[androidx.profileinstaller:profileinstaller:1.3.1] AndroidManifest.xml:35:13-76
100            android:directBootAware="false"
100-->[androidx.profileinstaller:profileinstaller:1.3.1] AndroidManifest.xml:36:13-44
101            android:enabled="true"
101-->[androidx.profileinstaller:profileinstaller:1.3.1] AndroidManifest.xml:37:13-35
102            android:exported="true"
102-->[androidx.profileinstaller:profileinstaller:1.3.1] AndroidManifest.xml:38:13-36
103            android:permission="android.permission.DUMP" >
103-->[androidx.profileinstaller:profileinstaller:1.3.1] AndroidManifest.xml:39:13-57
104            <intent-filter>
104-->[androidx.profileinstaller:profileinstaller:1.3.1] AndroidManifest.xml:40:13-42:29
105                <action android:name="androidx.profileinstaller.action.INSTALL_PROFILE" />
105-->[androidx.profileinstaller:profileinstaller:1.3.1] AndroidManifest.xml:41:17-91
105-->[androidx.profileinstaller:profileinstaller:1.3.1] AndroidManifest.xml:41:25-88
106            </intent-filter>
107            <intent-filter>
107-->[androidx.profileinstaller:profileinstaller:1.3.1] AndroidManifest.xml:43:13-45:29
108                <action android:name="androidx.profileinstaller.action.SKIP_FILE" />
108-->[androidx.profileinstaller:profileinstaller:1.3.1] AndroidManifest.xml:44:17-85
108-->[androidx.profileinstaller:profileinstaller:1.3.1] AndroidManifest.xml:44:25-82
109            </intent-filter>
110            <intent-filter>
110-->[androidx.profileinstaller:profileinstaller:1.3.1] AndroidManifest.xml:46:13-48:29
111                <action android:name="androidx.profileinstaller.action.SAVE_PROFILE" />
111-->[androidx.profileinstaller:profileinstaller:1.3.1] AndroidManifest.xml:47:17-88
111-->[androidx.profileinstaller:profileinstaller:1.3.1] AndroidManifest.xml:47:25-85
112            </intent-filter>
113            <intent-filter>
113-->[androidx.profileinstaller:profileinstaller:1.3.1] AndroidManifest.xml:49:13-51:29
114                <action android:name="androidx.profileinstaller.action.BENCHMARK_OPERATION" />
114-->[androidx.profileinstaller:profileinstaller:1.3.1] AndroidManifest.xml:50:17-95
114-->[androidx.profileinstaller:profileinstaller:1.3.1] AndroidManifest.xml:50:25-92
115            </intent-filter>
116        </receiver>
117    </application>
118
119</manifest>